<?xml version="1.0" encoding="UTF-8"?>
<testsuite xmlns:xsi="http://www.w3.org/2001/XMLSchema-instance" xsi:noNamespaceSchemaLocation="https://maven.apache.org/surefire/maven-surefire-plugin/xsd/surefire-test-report.xsd" version="3.0.2" name="com.AS.Student_Attendance.StudentAttendanceApplicationTests" time="14.117" tests="1" errors="0" skipped="0" failures="0">
  <properties>
[...]
</properties>
  <testcase name="contextLoads" classname="com.AS.Student_Attendance.StudentAttendanceApplicationTests" time="0.751">
    <system-out><![CDATA[11:36:51.776 [main] INFO org.springframework.test.context.support.AnnotationConfigContextLoaderUtils -- Could not detect default configuration classes for test class [com.AS.Student_Attendance.StudentAttendanceApplicationTests]: StudentAttendanceApplicationTests does not declare any static, non-private, non-final, nested classes annotated with @Configuration.
11:36:52.103 [main] INFO org.springframework.boot.test.context.SpringBootTestContextBootstrapper -- Found @SpringBootConfiguration com.AS.Student_Attendance.StudentAttendanceApplication for test class com.AS.Student_Attendance.StudentAttendanceApplicationTests
11:36:52.779 [main] INFO org.springframework.boot.devtools.restart.RestartApplicationListener -- Restart disabled due to context in which it is running

  .   ____          _            __ _ _
 /\\ / ___'_ __ _ _(_)_ __  __ _ \ \ \ \
( ( )\___ | '_ | '_| | '_ \/ _` | \ \ \ \
 \\/  ___)| |_)| | | | | || (_| |  ) ) ) )
  '  |____| .__|_| |_|_| |_\__, | / / / /
 =========|_|==============|___/=/_/_/_/

 :: Spring Boot ::                (v3.5.5)

2025-09-01T11:36:53.445+05:30  INFO 3172 --- [           main] c.A.S.StudentAttendanceApplicationTests  : Starting StudentAttendanceApplicationTests using Java 21.0.8 with PID 3172 (started by Shubham Patil in c:\Users\Shubham Patil\OneDrive\Desktop\Student-Attendance\Student-Attendance)
2025-09-01T11:36:53.449+05:30  INFO 3172 --- [           main] c.A.S.StudentAttendanceApplicationTests  : No active profile set, falling back to 1 default profile: "default"
2025-09-01T11:36:55.843+05:30  INFO 3172 --- [           main] .s.d.r.c.RepositoryConfigurationDelegate : Bootstrapping Spring Data JPA repositories in DEFAULT mode.
2025-09-01T11:36:56.045+05:30  INFO 3172 --- [           main] .s.d.r.c.RepositoryConfigurationDelegate : Finished Spring Data repository scanning in 177 ms. Found 5 JPA repository interfaces.
2025-09-01T11:36:57.034+05:30  INFO 3172 --- [           main] o.hibernate.jpa.internal.util.LogHelper  : HHH000204: Processing PersistenceUnitInfo [name: default]
2025-09-01T11:36:57.193+05:30  INFO 3172 --- [           main] org.hibernate.Version                    : HHH000412: Hibernate ORM core version 6.6.26.Final
2025-09-01T11:36:57.295+05:30  INFO 3172 --- [           main] o.h.c.internal.RegionFactoryInitiator    : HHH000026: Second-level cache disabled
2025-09-01T11:36:57.949+05:30  INFO 3172 --- [           main] o.s.o.j.p.SpringPersistenceUnitInfo      : No LoadTimeWeaver setup: ignoring JPA class transformer
2025-09-01T11:36:58.018+05:30  INFO 3172 --- [           main] com.zaxxer.hikari.HikariDataSource       : HikariPool-1 - Starting...
2025-09-01T11:36:58.658+05:30  INFO 3172 --- [           main] com.zaxxer.hikari.pool.HikariPool        : HikariPool-1 - Added connection com.mysql.cj.jdbc.ConnectionImpl@628bd77e
2025-09-01T11:36:58.661+05:30  INFO 3172 --- [           main] com.zaxxer.hikari.HikariDataSource       : HikariPool-1 - Start completed.
2025-09-01T11:36:58.876+05:30  INFO 3172 --- [           main] org.hibernate.orm.connections.pooling    : HHH10001005: Database info:
	Database JDBC URL [Connecting through datasource 'HikariDataSource (HikariPool-1)']
	Database driver: undefined/unknown
	Database version: 8.0.42
	Autocommit mode: undefined/unknown
	Isolation level: undefined/unknown
	Minimum pool size: undefined/unknown
	Maximum pool size: undefined/unknown
2025-09-01T11:37:00.900+05:30  INFO 3172 --- [           main] o.h.e.t.j.p.i.JtaPlatformInitiator       : HHH000489: No JTA platform available (set 'hibernate.transaction.jta.platform' to enable JTA platform integration)
2025-09-01T11:37:01.031+05:30  INFO 3172 --- [           main] j.LocalContainerEntityManagerFactoryBean : Initialized JPA EntityManagerFactory for persistence unit 'default'
Hibernate: insert into courses (course_code,course_name,credits) values (?,?,?)
Hibernate: insert into courses (course_code,course_name,credits) values (?,?,?)
Hibernate: insert into courses (course_code,course_name,credits) values (?,?,?)
Student Attendance has Started
2025-09-01T11:37:03.266+05:30  WARN 3172 --- [           main] JpaBaseConfiguration$JpaWebConfiguration : spring.jpa.open-in-view is enabled by default. Therefore, database queries may be performed during view rendering. Explicitly configure spring.jpa.open-in-view to disable this warning
2025-09-01T11:37:04.448+05:30  WARN 3172 --- [           main] .s.s.UserDetailsServiceAutoConfiguration : 

Using generated security password: 1b3a8f33-bef5-4e8d-9cbe-39abe5899a7c

This generated password is for development use only. Your security configuration must be updated before running your application in production.

2025-09-01T11:37:04.466+05:30  INFO 3172 --- [           main] r$InitializeUserDetailsManagerConfigurer : Global AuthenticationManager configured with UserDetailsService bean with name inMemoryUserDetailsManager
2025-09-01T11:37:04.817+05:30  INFO 3172 --- [           main] c.A.S.StudentAttendanceApplicationTests  : Started StudentAttendanceApplicationTests in 12.066 seconds (process running for 15.329)
]]></system-out>
    <system-err><![CDATA[Mockito is currently self-attaching to enable the inline-mock-maker. This will no longer work in future releases of the JDK. Please add Mockito as an agent to your build as described in Mockito's documentation: https://javadoc.io/doc/org.mockito/mockito-core/latest/org.mockito/org/mockito/Mockito.html#0.3
WARNING: A Java agent has been loaded dynamically (C:\Users\Shubham Patil\.m2\repository\net\bytebuddy\byte-buddy-agent\1.17.7\byte-buddy-agent-1.17.7.jar)
WARNING: If a serviceability tool is in use, please run with -XX:+EnableDynamicAgentLoading to hide this warning
WARNING: If a serviceability tool is not in use, please run with -Djdk.instrument.traceUsage for more information
WARNING: Dynamic loading of agents will be disallowed by default in a future release
]]></system-err>
  </testcase>
</testsuite>